2015/06/12 3:17:31 にビルドを開始しました。
     1>ノード 5 上のプロジェクト "C:\Users\HisatakaSuzuki\Documents\Visual Studio 2012\Projects\ImageRecognition_0508\ImageRecognition_0508_07\ImageRecognition_0508_07.vcxproj" (Rebuild ターゲット)。
     1>ClCompile:
         C:\Program Files (x86)\Microsoft Visual Studio 11.0\VC\bin\x86_amd64\CL.exe /c /Zi /nologo /W3 /WX- /Od /D WIN32 /D _DEBUG /D _CONSOLE /D _UNICODE /D UNICODE /Gm /EHsc /RTC1 /MDd /GS /fp:precise /Zc:wchar_t /Zc:forScope /Fo"x64\Debug\\" /Fd"x64\Debug\vc110.pdb" /Gd /TP /errorReport:prompt main07.cpp
         main07.cpp
     1>main07.cpp(39): warning C4244: '*=' : 'double' から 'float' への変換です。データが失われる可能性があります。
     1>main07.cpp(45): warning C4258: 'i' : for ループからの定義は無視されます。外側のスコープからの定義が使われます。
                 main07.cpp(37) : 'i' の定義が無視されました。
                 main07.cpp(29) : 'i' の定義が使用されました。
     1>main07.cpp(46): warning C4258: 'i' : for ループからの定義は無視されます。外側のスコープからの定義が使われます。
                 main07.cpp(37) : 'i' の定義が無視されました。
                 main07.cpp(29) : 'i' の定義が使用されました。
     1>main07.cpp(53): warning C4258: 'i' : for ループからの定義は無視されます。外側のスコープからの定義が使われます。
                 main07.cpp(37) : 'i' の定義が無視されました。
                 main07.cpp(29) : 'i' の定義が使用されました。
     1>main07.cpp(55): warning C4258: 'i' : for ループからの定義は無視されます。外側のスコープからの定義が使われます。
                 main07.cpp(37) : 'i' の定義が無視されました。
                 main07.cpp(29) : 'i' の定義が使用されました。
       Link:
         C:\Program Files (x86)\Microsoft Visual Studio 11.0\VC\bin\x86_amd64\link.exe /ERRORREPORT:PROMPT /OUT:"C:\Users\HisatakaSuzuki\Documents\Visual Studio 2012\Projects\ImageRecognition_0508\x64\Debug\ImageRecognition_0508_07.exe" /INCREMENTAL /NOLOGO opencv_calib3d2411d.lib opencv_contrib2411d.lib opencv_core2411d.lib opencv_features2d2411d.lib opencv_flann2411d.lib opencv_gpu2411d.lib opencv_haartraining_engined.lib opencv_highgui2411d.lib opencv_imgproc2411d.lib opencv_legacy2411d.lib opencv_ml2411d.lib opencv_nonfree2411d.lib opencv_objdetect2411d.lib opencv_ocl2411d.lib opencv_photo2411d.lib opencv_stitching2411d.lib opencv_superres2411d.lib opencv_ts2411d.lib opencv_video2411d.lib opencv_videostab2411d.lib kernel32.lib user32.lib gdi32.lib winspool.lib comdlg32.lib advapi32.lib shell32.lib ole32.lib oleaut32.lib uuid.lib odbc32.lib odbccp32.lib /MANIFEST /MANIFESTUAC:"level='asInvoker' uiAccess='false'" /manifest:embed /DEBUG /PDB:"C:\Users\HisatakaSuzuki\Documents\Visual Studio 2012\Projects\ImageRecognition_0508\x64\Debug\ImageRecognition_0508_07.pdb" /SUBSYSTEM:CONSOLE /TLBID:1 /DYNAMICBASE /NXCOMPAT /IMPLIB:"C:\Users\HisatakaSuzuki\Documents\Visual Studio 2012\Projects\ImageRecognition_0508\x64\Debug\ImageRecognition_0508_07.lib" /MACHINE:X64 x64\Debug\main07.obj
         ImageRecognition_0508_07.vcxproj -> C:\Users\HisatakaSuzuki\Documents\Visual Studio 2012\Projects\ImageRecognition_0508\x64\Debug\ImageRecognition_0508_07.exe
     1>プロジェクト "C:\Users\HisatakaSuzuki\Documents\Visual Studio 2012\Projects\ImageRecognition_0508\ImageRecognition_0508_07\ImageRecognition_0508_07.vcxproj" (Rebuild ターゲット) のビルドが完了しました。

ビルドに成功しました。

経過時間 00:00:06.35
