C:\USERS\HISATAKASUZUKI\DOCUMENTS\VISUAL STUDIO 2012\PROJECTS\IMAGERECOGNITION_0529\IMAGERECOGNITION_0529_03\X64\DEBUG\MAIN03.OBJ
C:\USERS\HISATAKASUZUKI\DOCUMENTS\VISUAL STUDIO 2012\PROJECTS\IMAGERECOGNITION_0529\IMAGERECOGNITION_0529_03\X64\DEBUG\VC110.PDB
C:\USERS\HISATAKASUZUKI\DOCUMENTS\VISUAL STUDIO 2012\PROJECTS\IMAGERECOGNITION_0529\X64\DEBUG\IMAGERECOGNITION_0529_03.ILK
C:\USERS\HISATAKASUZUKI\DOCUMENTS\VISUAL STUDIO 2012\PROJECTS\IMAGERECOGNITION_0529\X64\DEBUG\IMAGERECOGNITION_0529_03.EXE
C:\USERS\HISATAKASUZUKI\DOCUMENTS\VISUAL STUDIO 2012\PROJECTS\IMAGERECOGNITION_0529\X64\DEBUG\IMAGERECOGNITION_0529_03.PDB
c:\Users\hisatakasuzuki\documents\visual studio 2012\Projects\ImageRecognition_0529\ImageRecognition_0529_03\x64\Debug\main03.obj
c:\Users\hisatakasuzuki\documents\visual studio 2012\Projects\ImageRecognition_0529\ImageRecognition_0529_03\x64\Debug\cl.command.1.tlog
c:\Users\hisatakasuzuki\documents\visual studio 2012\Projects\ImageRecognition_0529\ImageRecognition_0529_03\x64\Debug\CL.read.1.tlog
c:\Users\hisatakasuzuki\documents\visual studio 2012\Projects\ImageRecognition_0529\ImageRecognition_0529_03\x64\Debug\CL.write.1.tlog
c:\Users\hisatakasuzuki\documents\visual studio 2012\Projects\ImageRecognition_0529\ImageRecognition_0529_03\x64\Debug\link-cvtres.read.1.tlog
c:\Users\hisatakasuzuki\documents\visual studio 2012\Projects\ImageRecognition_0529\ImageRecognition_0529_03\x64\Debug\link-cvtres.write.1.tlog
c:\Users\hisatakasuzuki\documents\visual studio 2012\Projects\ImageRecognition_0529\ImageRecognition_0529_03\x64\Debug\link-rc.read.1.tlog
c:\Users\hisatakasuzuki\documents\visual studio 2012\Projects\ImageRecognition_0529\ImageRecognition_0529_03\x64\Debug\link-rc.write.1.tlog
c:\Users\hisatakasuzuki\documents\visual studio 2012\Projects\ImageRecognition_0529\ImageRecognition_0529_03\x64\Debug\link.command.1.tlog
c:\Users\hisatakasuzuki\documents\visual studio 2012\Projects\ImageRecognition_0529\ImageRecognition_0529_03\x64\Debug\link.read.1.tlog
c:\Users\hisatakasuzuki\documents\visual studio 2012\Projects\ImageRecognition_0529\ImageRecognition_0529_03\x64\Debug\link.write.1.tlog
c:\Users\hisatakasuzuki\documents\visual studio 2012\Projects\ImageRecognition_0529\ImageRecognition_0529_03\x64\Debug\vc110.idb
c:\Users\hisatakasuzuki\documents\visual studio 2012\Projects\ImageRecognition_0529\ImageRecognition_0529_03\x64\Debug\vc110.pdb
c:\users\hisatakasuzuki\documents\visual studio 2012\Projects\ImageRecognition_0529\x64\Debug\ImageRecognition_0529_03.pdb
c:\users\hisatakasuzuki\documents\visual studio 2012\Projects\ImageRecognition_0529\x64\Debug\ImageRecognition_0529_03.exe
c:\users\hisatakasuzuki\documents\visual studio 2012\Projects\ImageRecognition_0529\x64\Debug\ImageRecognition_0529_03.ilk
