C:\USERS\HISATAKASUZUKI\DOCUMENTS\VISUAL STUDIO 2012\PROJECTS\IMAGEVIEW\RASTERIMAGE\X64\DEBUG\RASTERIMAGE.OBJ
C:\USERS\HISATAKASUZUKI\DOCUMENTS\VISUAL STUDIO 2012\PROJECTS\IMAGEVIEW\RASTERIMAGE\X64\DEBUG\VC110.PDB
C:\USERS\HISATAKASUZUKI\DOCUMENTS\VISUAL STUDIO 2012\PROJECTS\IMAGEVIEW\X64\DEBUG\RASTERIMAGE.ILK
C:\USERS\HISATAKASUZUKI\DOCUMENTS\VISUAL STUDIO 2012\PROJECTS\IMAGEVIEW\X64\DEBUG\RASTERIMAGE.EXE
C:\USERS\HISATAKASUZUKI\DOCUMENTS\VISUAL STUDIO 2012\PROJECTS\IMAGEVIEW\X64\DEBUG\RASTERIMAGE.PDB
C:\Users\HisatakaSuzuki\documents\visual studio 2012\Projects\ImageView\RasterImage\x64\Debug\rasterimage.obj
C:\Users\HisatakaSuzuki\documents\visual studio 2012\Projects\ImageView\RasterImage\x64\Debug\cl.command.1.tlog
C:\Users\HisatakaSuzuki\documents\visual studio 2012\Projects\ImageView\RasterImage\x64\Debug\CL.read.1.tlog
C:\Users\HisatakaSuzuki\documents\visual studio 2012\Projects\ImageView\RasterImage\x64\Debug\CL.write.1.tlog
C:\Users\HisatakaSuzuki\documents\visual studio 2012\Projects\ImageView\RasterImage\x64\Debug\link-cvtres.read.1.tlog
C:\Users\HisatakaSuzuki\documents\visual studio 2012\Projects\ImageView\RasterImage\x64\Debug\link-cvtres.write.1.tlog
C:\Users\HisatakaSuzuki\documents\visual studio 2012\Projects\ImageView\RasterImage\x64\Debug\link-rc.read.1.tlog
C:\Users\HisatakaSuzuki\documents\visual studio 2012\Projects\ImageView\RasterImage\x64\Debug\link-rc.write.1.tlog
C:\Users\HisatakaSuzuki\documents\visual studio 2012\Projects\ImageView\RasterImage\x64\Debug\link.command.1.tlog
C:\Users\HisatakaSuzuki\documents\visual studio 2012\Projects\ImageView\RasterImage\x64\Debug\link.read.1.tlog
C:\Users\HisatakaSuzuki\documents\visual studio 2012\Projects\ImageView\RasterImage\x64\Debug\link.write.1.tlog
C:\Users\HisatakaSuzuki\documents\visual studio 2012\Projects\ImageView\RasterImage\x64\Debug\vc110.idb
C:\Users\HisatakaSuzuki\documents\visual studio 2012\Projects\ImageView\RasterImage\x64\Debug\vc110.pdb
C:\Users\HisatakaSuzuki\documents\visual studio 2012\Projects\ImageView\x64\Debug\RasterImage.pdb
C:\Users\HisatakaSuzuki\documents\visual studio 2012\Projects\ImageView\x64\Debug\RasterImage.exe
C:\Users\HisatakaSuzuki\documents\visual studio 2012\Projects\ImageView\x64\Debug\RasterImage.ilk
