C:\USERS\HISATAKASUZUKI\DOCUMENTS\GITHUB\IMAGERECOGNITION\IMAGERECOGNITION_0619\IMAGERECOGNITION_0619_04\X64\DEBUG\MAIN04.OBJ
C:\USERS\HISATAKASUZUKI\DOCUMENTS\GITHUB\IMAGERECOGNITION\IMAGERECOGNITION_0619\IMAGERECOGNITION_0619_04\X64\DEBUG\VC110.PDB
C:\USERS\HISATAKASUZUKI\DOCUMENTS\GITHUB\IMAGERECOGNITION\IMAGERECOGNITION_0619\X64\DEBUG\IMAGERECOGNITION_0619_04.ILK
C:\USERS\HISATAKASUZUKI\DOCUMENTS\GITHUB\IMAGERECOGNITION\IMAGERECOGNITION_0619\X64\DEBUG\IMAGERECOGNITION_0619_04.EXE
C:\USERS\HISATAKASUZUKI\DOCUMENTS\GITHUB\IMAGERECOGNITION\IMAGERECOGNITION_0619\X64\DEBUG\IMAGERECOGNITION_0619_04.PDB
C:\Users\HisatakaSuzuki\Documents\GitHub\ImageRecognition\ImageRecognition_0619\ImageRecognition_0619_04\x64\Debug\main04.obj
C:\Users\HisatakaSuzuki\Documents\GitHub\ImageRecognition\ImageRecognition_0619\ImageRecognition_0619_04\x64\Debug\cl.command.1.tlog
C:\Users\HisatakaSuzuki\Documents\GitHub\ImageRecognition\ImageRecognition_0619\ImageRecognition_0619_04\x64\Debug\CL.read.1.tlog
C:\Users\HisatakaSuzuki\Documents\GitHub\ImageRecognition\ImageRecognition_0619\ImageRecognition_0619_04\x64\Debug\CL.write.1.tlog
C:\Users\HisatakaSuzuki\Documents\GitHub\ImageRecognition\ImageRecognition_0619\ImageRecognition_0619_04\x64\Debug\link-cvtres.read.1.tlog
C:\Users\HisatakaSuzuki\Documents\GitHub\ImageRecognition\ImageRecognition_0619\ImageRecognition_0619_04\x64\Debug\link-cvtres.write.1.tlog
C:\Users\HisatakaSuzuki\Documents\GitHub\ImageRecognition\ImageRecognition_0619\ImageRecognition_0619_04\x64\Debug\link-rc.read.1.tlog
C:\Users\HisatakaSuzuki\Documents\GitHub\ImageRecognition\ImageRecognition_0619\ImageRecognition_0619_04\x64\Debug\link-rc.write.1.tlog
C:\Users\HisatakaSuzuki\Documents\GitHub\ImageRecognition\ImageRecognition_0619\ImageRecognition_0619_04\x64\Debug\link.4028-cvtres.read.1.tlog
C:\Users\HisatakaSuzuki\Documents\GitHub\ImageRecognition\ImageRecognition_0619\ImageRecognition_0619_04\x64\Debug\link.4028-cvtres.write.1.tlog
C:\Users\HisatakaSuzuki\Documents\GitHub\ImageRecognition\ImageRecognition_0619\ImageRecognition_0619_04\x64\Debug\link.4028-rc.read.1.tlog
C:\Users\HisatakaSuzuki\Documents\GitHub\ImageRecognition\ImageRecognition_0619\ImageRecognition_0619_04\x64\Debug\link.4028-rc.write.1.tlog
C:\Users\HisatakaSuzuki\Documents\GitHub\ImageRecognition\ImageRecognition_0619\ImageRecognition_0619_04\x64\Debug\link.4028.read.1.tlog
C:\Users\HisatakaSuzuki\Documents\GitHub\ImageRecognition\ImageRecognition_0619\ImageRecognition_0619_04\x64\Debug\link.4028.write.1.tlog
C:\Users\HisatakaSuzuki\Documents\GitHub\ImageRecognition\ImageRecognition_0619\ImageRecognition_0619_04\x64\Debug\link.7328-cvtres.read.1.tlog
C:\Users\HisatakaSuzuki\Documents\GitHub\ImageRecognition\ImageRecognition_0619\ImageRecognition_0619_04\x64\Debug\link.7328-cvtres.write.1.tlog
C:\Users\HisatakaSuzuki\Documents\GitHub\ImageRecognition\ImageRecognition_0619\ImageRecognition_0619_04\x64\Debug\link.7328-rc.read.1.tlog
C:\Users\HisatakaSuzuki\Documents\GitHub\ImageRecognition\ImageRecognition_0619\ImageRecognition_0619_04\x64\Debug\link.7328-rc.write.1.tlog
C:\Users\HisatakaSuzuki\Documents\GitHub\ImageRecognition\ImageRecognition_0619\ImageRecognition_0619_04\x64\Debug\link.7328.read.1.tlog
C:\Users\HisatakaSuzuki\Documents\GitHub\ImageRecognition\ImageRecognition_0619\ImageRecognition_0619_04\x64\Debug\link.7328.write.1.tlog
C:\Users\HisatakaSuzuki\Documents\GitHub\ImageRecognition\ImageRecognition_0619\ImageRecognition_0619_04\x64\Debug\link.command.1.tlog
C:\Users\HisatakaSuzuki\Documents\GitHub\ImageRecognition\ImageRecognition_0619\ImageRecognition_0619_04\x64\Debug\link.read.1.tlog
C:\Users\HisatakaSuzuki\Documents\GitHub\ImageRecognition\ImageRecognition_0619\ImageRecognition_0619_04\x64\Debug\link.write.1.tlog
C:\Users\HisatakaSuzuki\Documents\GitHub\ImageRecognition\ImageRecognition_0619\ImageRecognition_0619_04\x64\Debug\vc110.idb
C:\Users\HisatakaSuzuki\Documents\GitHub\ImageRecognition\ImageRecognition_0619\ImageRecognition_0619_04\x64\Debug\vc110.pdb
C:\Users\HisatakaSuzuki\Documents\GitHub\ImageRecognition\ImageRecognition_0619\x64\Debug\ImageRecognition_0619_04.pdb
C:\Users\HisatakaSuzuki\Documents\GitHub\ImageRecognition\ImageRecognition_0619\x64\Debug\ImageRecognition_0619_04.exe
C:\Users\HisatakaSuzuki\Documents\GitHub\ImageRecognition\ImageRecognition_0619\x64\Debug\ImageRecognition_0619_04.ilk
