C:\USERS\HISATAKASUZUKI\DOCUMENTS\VISUAL STUDIO 2012\PROJECTS\IMAGEVIEW\NEGAIMAGE\X64\DEBUG\NEGAVIEW.OBJ
C:\USERS\HISATAKASUZUKI\DOCUMENTS\VISUAL STUDIO 2012\PROJECTS\IMAGEVIEW\NEGAIMAGE\X64\DEBUG\VC110.PDB
C:\USERS\HISATAKASUZUKI\DOCUMENTS\VISUAL STUDIO 2012\PROJECTS\IMAGEVIEW\X64\DEBUG\NEGAIMAGE.ILK
C:\USERS\HISATAKASUZUKI\DOCUMENTS\VISUAL STUDIO 2012\PROJECTS\IMAGEVIEW\X64\DEBUG\NEGAIMAGE.EXE
C:\USERS\HISATAKASUZUKI\DOCUMENTS\VISUAL STUDIO 2012\PROJECTS\IMAGEVIEW\X64\DEBUG\NEGAIMAGE.PDB
C:\Users\HisatakaSuzuki\documents\visual studio 2012\Projects\ImageView\NegaImage\x64\Debug\negaview.obj
C:\Users\HisatakaSuzuki\documents\visual studio 2012\Projects\ImageView\NegaImage\x64\Debug\cl.command.1.tlog
C:\Users\HisatakaSuzuki\documents\visual studio 2012\Projects\ImageView\NegaImage\x64\Debug\CL.read.1.tlog
C:\Users\HisatakaSuzuki\documents\visual studio 2012\Projects\ImageView\NegaImage\x64\Debug\CL.write.1.tlog
C:\Users\HisatakaSuzuki\documents\visual studio 2012\Projects\ImageView\NegaImage\x64\Debug\link-cvtres.read.1.tlog
C:\Users\HisatakaSuzuki\documents\visual studio 2012\Projects\ImageView\NegaImage\x64\Debug\link-cvtres.write.1.tlog
C:\Users\HisatakaSuzuki\documents\visual studio 2012\Projects\ImageView\NegaImage\x64\Debug\link-rc.read.1.tlog
C:\Users\HisatakaSuzuki\documents\visual studio 2012\Projects\ImageView\NegaImage\x64\Debug\link-rc.write.1.tlog
C:\Users\HisatakaSuzuki\documents\visual studio 2012\Projects\ImageView\NegaImage\x64\Debug\link.command.1.tlog
C:\Users\HisatakaSuzuki\documents\visual studio 2012\Projects\ImageView\NegaImage\x64\Debug\link.read.1.tlog
C:\Users\HisatakaSuzuki\documents\visual studio 2012\Projects\ImageView\NegaImage\x64\Debug\link.write.1.tlog
C:\Users\HisatakaSuzuki\documents\visual studio 2012\Projects\ImageView\NegaImage\x64\Debug\vc110.idb
C:\Users\HisatakaSuzuki\documents\visual studio 2012\Projects\ImageView\NegaImage\x64\Debug\vc110.pdb
C:\Users\HisatakaSuzuki\documents\visual studio 2012\Projects\ImageView\x64\Debug\NegaImage.pdb
C:\Users\HisatakaSuzuki\documents\visual studio 2012\Projects\ImageView\x64\Debug\NegaImage.exe
C:\Users\HisatakaSuzuki\documents\visual studio 2012\Projects\ImageView\x64\Debug\NegaImage.ilk
