C:\USERS\HISATAKASUZUKI\DOCUMENTS\GITHUB\IMAGERECOGNITION\IMAGERECOGNITION_0619\IMAGERECOGNITION_0619_06\X64\DEBUG\MAIN06.OBJ
C:\USERS\HISATAKASUZUKI\DOCUMENTS\GITHUB\IMAGERECOGNITION\IMAGERECOGNITION_0619\IMAGERECOGNITION_0619_06\X64\DEBUG\VC110.PDB
C:\USERS\HISATAKASUZUKI\DOCUMENTS\GITHUB\IMAGERECOGNITION\IMAGERECOGNITION_0619\X64\DEBUG\IMAGERECOGNITION_0619_06.ILK
C:\USERS\HISATAKASUZUKI\DOCUMENTS\GITHUB\IMAGERECOGNITION\IMAGERECOGNITION_0619\X64\DEBUG\IMAGERECOGNITION_0619_06.EXE
C:\USERS\HISATAKASUZUKI\DOCUMENTS\GITHUB\IMAGERECOGNITION\IMAGERECOGNITION_0619\X64\DEBUG\IMAGERECOGNITION_0619_06.PDB
C:\Users\HisatakaSuzuki\Documents\GitHub\ImageRecognition\ImageRecognition_0619\ImageRecognition_0619_06\x64\Debug\main06.obj
C:\Users\HisatakaSuzuki\Documents\GitHub\ImageRecognition\ImageRecognition_0619\ImageRecognition_0619_06\x64\Debug\cl.command.1.tlog
C:\Users\HisatakaSuzuki\Documents\GitHub\ImageRecognition\ImageRecognition_0619\ImageRecognition_0619_06\x64\Debug\CL.read.1.tlog
C:\Users\HisatakaSuzuki\Documents\GitHub\ImageRecognition\ImageRecognition_0619\ImageRecognition_0619_06\x64\Debug\CL.write.1.tlog
C:\Users\HisatakaSuzuki\Documents\GitHub\ImageRecognition\ImageRecognition_0619\ImageRecognition_0619_06\x64\Debug\link-cvtres.read.1.tlog
C:\Users\HisatakaSuzuki\Documents\GitHub\ImageRecognition\ImageRecognition_0619\ImageRecognition_0619_06\x64\Debug\link-cvtres.write.1.tlog
C:\Users\HisatakaSuzuki\Documents\GitHub\ImageRecognition\ImageRecognition_0619\ImageRecognition_0619_06\x64\Debug\link-rc.read.1.tlog
C:\Users\HisatakaSuzuki\Documents\GitHub\ImageRecognition\ImageRecognition_0619\ImageRecognition_0619_06\x64\Debug\link-rc.write.1.tlog
C:\Users\HisatakaSuzuki\Documents\GitHub\ImageRecognition\ImageRecognition_0619\ImageRecognition_0619_06\x64\Debug\link.command.1.tlog
C:\Users\HisatakaSuzuki\Documents\GitHub\ImageRecognition\ImageRecognition_0619\ImageRecognition_0619_06\x64\Debug\link.read.1.tlog
C:\Users\HisatakaSuzuki\Documents\GitHub\ImageRecognition\ImageRecognition_0619\ImageRecognition_0619_06\x64\Debug\link.write.1.tlog
C:\Users\HisatakaSuzuki\Documents\GitHub\ImageRecognition\ImageRecognition_0619\ImageRecognition_0619_06\x64\Debug\vc110.idb
C:\Users\HisatakaSuzuki\Documents\GitHub\ImageRecognition\ImageRecognition_0619\ImageRecognition_0619_06\x64\Debug\vc110.pdb
C:\Users\HisatakaSuzuki\Documents\GitHub\ImageRecognition\ImageRecognition_0619\x64\Debug\ImageRecognition_0619_06.pdb
C:\Users\HisatakaSuzuki\Documents\GitHub\ImageRecognition\ImageRecognition_0619\x64\Debug\ImageRecognition_0619_06.exe
C:\Users\HisatakaSuzuki\Documents\GitHub\ImageRecognition\ImageRecognition_0619\x64\Debug\ImageRecognition_0619_06.ilk
