C:\USERS\HISATAKASUZUKI\DOCUMENTS\GITHUB\IMAGERECOGNITION\IMAGERECOGNITION_0619\IMAGERECOGNITION_0619_01\X64\DEBUG\MAIN01.OBJ
C:\USERS\HISATAKASUZUKI\DOCUMENTS\GITHUB\IMAGERECOGNITION\IMAGERECOGNITION_0619\IMAGERECOGNITION_0619_01\X64\DEBUG\TIMER.OBJ
C:\USERS\HISATAKASUZUKI\DOCUMENTS\GITHUB\IMAGERECOGNITION\IMAGERECOGNITION_0619\IMAGERECOGNITION_0619_01\X64\DEBUG\VC110.PDB
C:\USERS\HISATAKASUZUKI\DOCUMENTS\GITHUB\IMAGERECOGNITION\IMAGERECOGNITION_0619\X64\DEBUG\IMAGERECOGNITION_0619_01.ILK
C:\USERS\HISATAKASUZUKI\DOCUMENTS\GITHUB\IMAGERECOGNITION\IMAGERECOGNITION_0619\X64\DEBUG\IMAGERECOGNITION_0619_01.EXE
C:\USERS\HISATAKASUZUKI\DOCUMENTS\GITHUB\IMAGERECOGNITION\IMAGERECOGNITION_0619\X64\DEBUG\IMAGERECOGNITION_0619_01.PDB
C:\Users\HisatakaSuzuki\Documents\GitHub\ImageRecognition\ImageRecognition_0619\ImageRecognition_0619_01\x64\Debug\main01.obj
C:\Users\HisatakaSuzuki\Documents\GitHub\ImageRecognition\ImageRecognition_0619\ImageRecognition_0619_01\x64\Debug\Timer.obj
C:\Users\HisatakaSuzuki\Documents\GitHub\ImageRecognition\ImageRecognition_0619\ImageRecognition_0619_01\x64\Debug\cl.command.1.tlog
C:\Users\HisatakaSuzuki\Documents\GitHub\ImageRecognition\ImageRecognition_0619\ImageRecognition_0619_01\x64\Debug\CL.read.1.tlog
C:\Users\HisatakaSuzuki\Documents\GitHub\ImageRecognition\ImageRecognition_0619\ImageRecognition_0619_01\x64\Debug\CL.write.1.tlog
C:\Users\HisatakaSuzuki\Documents\GitHub\ImageRecognition\ImageRecognition_0619\ImageRecognition_0619_01\x64\Debug\link-cvtres.read.1.tlog
C:\Users\HisatakaSuzuki\Documents\GitHub\ImageRecognition\ImageRecognition_0619\ImageRecognition_0619_01\x64\Debug\link-cvtres.write.1.tlog
C:\Users\HisatakaSuzuki\Documents\GitHub\ImageRecognition\ImageRecognition_0619\ImageRecognition_0619_01\x64\Debug\link-rc.read.1.tlog
C:\Users\HisatakaSuzuki\Documents\GitHub\ImageRecognition\ImageRecognition_0619\ImageRecognition_0619_01\x64\Debug\link-rc.write.1.tlog
C:\Users\HisatakaSuzuki\Documents\GitHub\ImageRecognition\ImageRecognition_0619\ImageRecognition_0619_01\x64\Debug\link.7960-cvtres.read.1.tlog
C:\Users\HisatakaSuzuki\Documents\GitHub\ImageRecognition\ImageRecognition_0619\ImageRecognition_0619_01\x64\Debug\link.7960-cvtres.write.1.tlog
C:\Users\HisatakaSuzuki\Documents\GitHub\ImageRecognition\ImageRecognition_0619\ImageRecognition_0619_01\x64\Debug\link.7960-rc.read.1.tlog
C:\Users\HisatakaSuzuki\Documents\GitHub\ImageRecognition\ImageRecognition_0619\ImageRecognition_0619_01\x64\Debug\link.7960-rc.write.1.tlog
C:\Users\HisatakaSuzuki\Documents\GitHub\ImageRecognition\ImageRecognition_0619\ImageRecognition_0619_01\x64\Debug\link.7960.read.1.tlog
C:\Users\HisatakaSuzuki\Documents\GitHub\ImageRecognition\ImageRecognition_0619\ImageRecognition_0619_01\x64\Debug\link.7960.write.1.tlog
C:\Users\HisatakaSuzuki\Documents\GitHub\ImageRecognition\ImageRecognition_0619\ImageRecognition_0619_01\x64\Debug\link.command.1.tlog
C:\Users\HisatakaSuzuki\Documents\GitHub\ImageRecognition\ImageRecognition_0619\ImageRecognition_0619_01\x64\Debug\link.read.1.tlog
C:\Users\HisatakaSuzuki\Documents\GitHub\ImageRecognition\ImageRecognition_0619\ImageRecognition_0619_01\x64\Debug\link.write.1.tlog
C:\Users\HisatakaSuzuki\Documents\GitHub\ImageRecognition\ImageRecognition_0619\ImageRecognition_0619_01\x64\Debug\vc110.idb
C:\Users\HisatakaSuzuki\Documents\GitHub\ImageRecognition\ImageRecognition_0619\ImageRecognition_0619_01\x64\Debug\vc110.pdb
C:\Users\HisatakaSuzuki\Documents\GitHub\ImageRecognition\ImageRecognition_0619\x64\Debug\ImageRecognition_0619_01.pdb
C:\Users\HisatakaSuzuki\Documents\GitHub\ImageRecognition\ImageRecognition_0619\x64\Debug\ImageRecognition_0619_01.exe
C:\Users\HisatakaSuzuki\Documents\GitHub\ImageRecognition\ImageRecognition_0619\x64\Debug\ImageRecognition_0619_01.ilk
