2015/05/14 17:40:32 にビルドを開始しました。
     1>ノード 2 上のプロジェクト "C:\Users\HisatakaSuzuki\documents\visual studio 2012\Projects\ImageRecognition_0508\ImageRecognition_0508_07\ImageRecognition_0508_07.vcxproj" (Rebuild ターゲット)。
     1>ClCompile:
         C:\Program Files (x86)\Microsoft Visual Studio 11.0\VC\bin\CL.exe /c /ZI /nologo /W3 /WX- /Od /Oy- /D WIN32 /D _DEBUG /D _CONSOLE /D _UNICODE /D UNICODE /Gm /EHsc /RTC1 /MDd /GS /fp:precise /Zc:wchar_t /Zc:forScope /Fo"Debug\\" /Fd"Debug\vc110.pdb" /Gd /TP /analyze- /errorReport:prompt main07.cpp
         main07.cpp
     1>c:\users\hisatakasuzuki\documents\visual studio 2012\projects\imagerecognition_0508\imagerecognition_0508_07\main07.cpp(33): warning C4244: '*=' : 'double' から 'float' への変換です。データが失われる可能性があります。
     1>c:\users\hisatakasuzuki\documents\visual studio 2012\projects\imagerecognition_0508\imagerecognition_0508_07\main07.cpp(39): warning C4258: 'i' : for ループからの定義は無視されます。外側のスコープからの定義が使われます。
                 c:\users\hisatakasuzuki\documents\visual studio 2012\projects\imagerecognition_0508\imagerecognition_0508_07\main07.cpp(31) : 'i' の定義が無視されました。
                 c:\users\hisatakasuzuki\documents\visual studio 2012\projects\imagerecognition_0508\imagerecognition_0508_07\main07.cpp(23) : 'i' の定義が使用されました。
     1>c:\users\hisatakasuzuki\documents\visual studio 2012\projects\imagerecognition_0508\imagerecognition_0508_07\main07.cpp(40): warning C4258: 'i' : for ループからの定義は無視されます。外側のスコープからの定義が使われます。
                 c:\users\hisatakasuzuki\documents\visual studio 2012\projects\imagerecognition_0508\imagerecognition_0508_07\main07.cpp(31) : 'i' の定義が無視されました。
                 c:\users\hisatakasuzuki\documents\visual studio 2012\projects\imagerecognition_0508\imagerecognition_0508_07\main07.cpp(23) : 'i' の定義が使用されました。
     1>c:\users\hisatakasuzuki\documents\visual studio 2012\projects\imagerecognition_0508\imagerecognition_0508_07\main07.cpp(45): warning C4258: 'i' : for ループからの定義は無視されます。外側のスコープからの定義が使われます。
                 c:\users\hisatakasuzuki\documents\visual studio 2012\projects\imagerecognition_0508\imagerecognition_0508_07\main07.cpp(31) : 'i' の定義が無視されました。
                 c:\users\hisatakasuzuki\documents\visual studio 2012\projects\imagerecognition_0508\imagerecognition_0508_07\main07.cpp(23) : 'i' の定義が使用されました。
       Link:
         C:\Program Files (x86)\Microsoft Visual Studio 11.0\VC\bin\link.exe /ERRORREPORT:PROMPT /OUT:"C:\Users\HisatakaSuzuki\documents\visual studio 2012\Projects\ImageRecognition_0508\Debug\ImageRecognition_0508_07.exe" /INCREMENTAL /NOLOGO opencv_calib3d2411d.lib opencv_contrib2411d.lib opencv_core2411d.lib opencv_features2d2411d.lib opencv_flann2411d.lib opencv_gpu2411d.lib opencv_haartraining_engined.lib opencv_highgui2411d.lib opencv_imgproc2411d.lib opencv_legacy2411d.lib opencv_ml2411d.lib opencv_nonfree2411d.lib opencv_objdetect2411d.lib opencv_ocl2411d.lib opencv_photo2411d.lib opencv_stitching2411d.lib opencv_superres2411d.lib opencv_ts2411d.lib opencv_video2411d.lib opencv_videostab2411d.lib kernel32.lib user32.lib gdi32.lib winspool.lib comdlg32.lib advapi32.lib shell32.lib ole32.lib oleaut32.lib uuid.lib odbc32.lib odbccp32.lib /MANIFEST /MANIFESTUAC:"level='asInvoker' uiAccess='false'" /manifest:embed /DEBUG /PDB:"C:\Users\HisatakaSuzuki\documents\visual studio 2012\Projects\ImageRecognition_0508\Debug\ImageRecognition_0508_07.pdb" /SUBSYSTEM:CONSOLE /TLBID:1 /DYNAMICBASE /NXCOMPAT /IMPLIB:"C:\Users\HisatakaSuzuki\documents\visual studio 2012\Projects\ImageRecognition_0508\Debug\ImageRecognition_0508_07.lib" /MACHINE:X86 Debug\main07.obj
     1>opencv_core2411d.lib(opencv_core2411d.dll) : fatal error LNK1112: モジュールのコンピューターの種類 'x64' は対象コンピューターの種類 'X86' と競合しています。
     1>プロジェクト "C:\Users\HisatakaSuzuki\documents\visual studio 2012\Projects\ImageRecognition_0508\ImageRecognition_0508_07\ImageRecognition_0508_07.vcxproj" (Rebuild ターゲット) のビルドが終了しました -- 失敗。

ビルドに失敗しました。

経過時間 00:00:03.49
